Using pre-set license
Built from '2021.3/staging' branch; Version is '2021.3.21f1 (1b156197d683) revision 1774945'; Using compiler version '192829333'; Build Type 'Release'
OS: 'Windows 11  (10.0.26200) 64bit Core' Language: 'ko' Physical Memory: 32610 MB
BatchMode: 1, IsHumanControllingUs: 0, StartBugReporterOnCrash: 0, Is64bit: 1, IsPro: 1

COMMAND LINE ARGUMENTS:
C:\Program Files\Unity\Hub\Editor\2021.3.21f1\Editor\Unity.exe
-adb2
-batchMode
-noUpm
-name
AssetImportWorker5
-projectPath
C:/Users/user/Desktop/22559024/github/22559024_ShootingGame
-logFile
Logs/AssetImportWorker5.log
-srvPort
49929
Successfully changed project path to: C:/Users/user/Desktop/22559024/github/22559024_ShootingGame
C:/Users/user/Desktop/22559024/github/22559024_ShootingGame
[UnityMemory] Configuration Parameters - Can be set up in boot.config
    "memorysetup-bucket-allocator-granularity=16"
    "memorysetup-bucket-allocator-bucket-count=8"
    "memorysetup-bucket-allocator-block-size=33554432"
    "memorysetup-bucket-allocator-block-count=8"
    "memorysetup-main-allocator-block-size=16777216"
    "memorysetup-thread-allocator-block-size=16777216"
    "memorysetup-gfx-main-allocator-block-size=16777216"
    "memorysetup-gfx-thread-allocator-block-size=16777216"
    "memorysetup-cache-allocator-block-size=4194304"
    "memorysetup-typetree-allocator-block-size=2097152"
    "memorysetup-profiler-bucket-allocator-granularity=16"
    "memorysetup-profiler-bucket-allocator-bucket-count=8"
    "memorysetup-profiler-bucket-allocator-block-size=33554432"
    "memorysetup-profiler-bucket-allocator-block-count=8"
    "memorysetup-profiler-allocator-block-size=16777216"
    "memorysetup-profiler-editor-allocator-block-size=1048576"
    "memorysetup-temp-allocator-size-main=16777216"
    "memorysetup-job-temp-allocator-block-size=2097152"
    "memorysetup-job-temp-allocator-block-size-background=1048576"
    "memorysetup-job-temp-allocator-reduction-small-platforms=262144"
    "memorysetup-temp-allocator-size-background-worker=32768"
    "memorysetup-temp-allocator-size-job-worker=262144"
    "memorysetup-temp-allocator-size-preload-manager=33554432"
    "memorysetup-temp-allocator-size-nav-mesh-worker=65536"
    "memorysetup-temp-allocator-size-audio-worker=65536"
    "memorysetup-temp-allocator-size-cloud-worker=32768"
    "memorysetup-temp-allocator-size-gi-baking-worker=262144"
    "memorysetup-temp-allocator-size-gfx=262144"
Player connection [26452] Host "[IP] 172.25.140.61 [Port] 0 [Flags] 2 [Guid] 2636691192 [EditorId] 2636691192 [Version] 1048832 [Id] WindowsEditor(7,DESKTOP-ITFCQTS) [Debug] 1 [PackageName] WindowsEditor [ProjectName] Editor" joined multi-casting on [225.0.0.222:54997]...

Player connection [26452] Host "[IP] 172.25.140.61 [Port] 0 [Flags] 2 [Guid] 2636691192 [EditorId] 2636691192 [Version] 1048832 [Id] WindowsEditor(7,DESKTOP-ITFCQTS) [Debug] 1 [PackageName] WindowsEditor [ProjectName] Editor" joined alternative multi-casting on [225.0.0.222:34997]...

Refreshing native plugins compatible for Editor in 60.33 ms, found 3 plugins.
Preloading 0 native plugins for Editor in 0.00 ms.
Initialize engine version: 2021.3.21f1 (1b156197d683)
[Subsystems] Discovering subsystems at path C:/Program Files/Unity/Hub/Editor/2021.3.21f1/Editor/Data/Resources/UnitySubsystems
[Subsystems] Discovering subsystems at path C:/Users/user/Desktop/22559024/github/22559024_ShootingGame/Assets
GfxDevice: creating device client; threaded=0; jobified=0
Direct3D:
    Version:  Direct3D 11.0 [level 11.1]
    Renderer: NVIDIA GeForce RTX 4060 Ti (ID=0x2803)
    Vendor:   NVIDIA
    VRAM:     7949 MB
    Driver:   32.0.15.9186
Initialize mono
Mono path[0] = 'C:/Program Files/Unity/Hub/Editor/2021.3.21f1/Editor/Data/Managed'
Mono path[1] = 'C:/Program Files/Unity/Hub/Editor/2021.3.21f1/Editor/Data/MonoBleedingEdge/lib/mono/unityjit-win32'
Mono config path = 'C:/Program Files/Unity/Hub/Editor/2021.3.21f1/Editor/Data/MonoBleedingEdge/etc'
Using monoOptions --debugger-agent=transport=dt_socket,embedding=1,server=y,suspend=n,address=127.0.0.1:56652
Begin MonoManager ReloadAssembly
Registering precompiled unity dll's ...
Register platform support module: C:/Program Files/Unity/Hub/Editor/2021.3.21f1/Editor/Data/PlaybackEngines/WindowsStandaloneSupport/UnityEditor.WindowsStandalone.Extensions.dll
Registered in 0.003044 seconds.
Native extension for WindowsStandalone target not found
Refreshing native plugins compatible for Editor in 56.38 ms, found 3 plugins.
Preloading 0 native plugins for Editor in 0.00 ms.
Mono: successfully reloaded assembly
- Completed reload, in  0.462 seconds
Domain Reload Profiling:
	ReloadAssembly (462ms)
		BeginReloadAssembly (60ms)
			ExecutionOrderSort (0ms)
			DisableScriptedObjects (0ms)
			BackupInstance (0ms)
			ReleaseScriptingObjects (0ms)
			CreateAndSetChildDomain (1ms)
		EndReloadAssembly (331ms)
			LoadAssemblies (58ms)
			RebuildTransferFunctionScriptingTraits (0ms)
			SetupTypeCache (75ms)
			ReleaseScriptCaches (0ms)
			RebuildScriptCaches (20ms)
			SetupLoadedEditorAssemblies (199ms)
				LogAssemblyErrors (0ms)
				InitializePlatformSupportModulesInManaged (6ms)
				SetLoadedEditorAssemblies (0ms)
				RefreshPlugins (56ms)
				BeforeProcessingInitializeOnLoad (1ms)
				ProcessInitializeOnLoadAttributes (94ms)
				ProcessInitializeOnLoadMethodAttributes (41ms)
				AfterProcessingInitializeOnLoad (0ms)
				EditorAssembliesLoaded (0ms)
			ExecutionOrderSort2 (0ms)
			AwakeInstancesAfterBackupRestoration (0ms)
Platform modules already initialized, skipping
Registering precompiled user dll's ...
Registered in 0.002944 seconds.
Begin MonoManager ReloadAssembly
Symbol file LoadedFromMemory doesn't match image C:\Users\user\Desktop\22559024\github\22559024_ShootingGame\Library\PackageCache\com.unity.visualscripting@1.8.0\Editor\VisualScripting.Core\Dependencies\YamlDotNet\Unity.VisualScripting.YamlDotNet.dll
Symbol file LoadedFromMemory doesn't match image C:\Users\user\Desktop\22559024\github\22559024_ShootingGame\Library\PackageCache\com.unity.visualscripting@1.8.0\Editor\VisualScripting.Core\Dependencies\DotNetZip\Unity.VisualScripting.IonicZip.dll
Native extension for WindowsStandalone target not found
Refreshing native plugins compatible for Editor in 53.34 ms, found 3 plugins.
Preloading 0 native plugins for Editor in 0.00 ms.
Mono: successfully reloaded assembly
- Completed reload, in  0.789 seconds
Domain Reload Profiling:
	ReloadAssembly (789ms)
		BeginReloadAssembly (86ms)
			ExecutionOrderSort (0ms)
			DisableScriptedObjects (4ms)
			BackupInstance (0ms)
			ReleaseScriptingObjects (0ms)
			CreateAndSetChildDomain (14ms)
		EndReloadAssembly (617ms)
			LoadAssemblies (63ms)
			RebuildTransferFunctionScriptingTraits (0ms)
			SetupTypeCache (189ms)
			ReleaseScriptCaches (0ms)
			RebuildScriptCaches (35ms)
			SetupLoadedEditorAssemblies (301ms)
				LogAssemblyErrors (0ms)
				InitializePlatformSupportModulesInManaged (3ms)
				SetLoadedEditorAssemblies (0ms)
				RefreshPlugins (53ms)
				BeforeProcessingInitializeOnLoad (53ms)
				ProcessInitializeOnLoadAttributes (175ms)
				ProcessInitializeOnLoadMethodAttributes (13ms)
				AfterProcessingInitializeOnLoad (4ms)
				EditorAssembliesLoaded (0ms)
			ExecutionOrderSort2 (0ms)
			AwakeInstancesAfterBackupRestoration (5ms)
Platform modules already initialized, skipping
========================================================================
Worker process is ready to serve import requests
Launched and connected shader compiler UnityShaderCompiler.exe after 0.04 seconds
Refreshing native plugins compatible for Editor in 0.39 ms, found 3 plugins.
Preloading 0 native plugins for Editor in 0.00 ms.
Unloading 3078 Unused Serialized files (Serialized files now loaded: 0)
Unloading 22 unused Assets / (56.2 KB). Loaded Objects now: 3543.
Memory consumption went from 111.3 MB to 111.2 MB.
Total: 3.277100 ms (FindLiveObjects: 0.229000 ms CreateObjectMapping: 0.111500 ms MarkObjects: 2.848100 ms  DeleteObjects: 0.086900 ms)

AssetImportParameters requested are different than current active one (requested -> active):
  custom:video-decoder-ogg-theora: a1e56fd34408186e4bbccfd4996cb3dc -> 
  custom:container-muxer-webm: aa71ff27fc2769a1b78a27578f13a17b -> 
  custom:container-demuxer-webm: 4f35f7cbe854078d1ac9338744f61a02 -> 
  custom:video-encoder-webm-vp8: eb34c28f22e8b96e1ab97ce403110664 -> 
  custom:video-codec-MediaFoundation-h265: 746d11721c4dcdbdad8f713fa42b33f4 -> 
  custom:audio-encoder-webm-vorbis: bf7c407c2cedff20999df2af8eb42d56 -> 
  custom:framework-win-MediaFoundation: 216162199b28c13a410421893ffa2e32 -> 
  custom:container-demuxer-ogg: 62fdf1f143b41e24485cea50d1cbac27 -> 
  custom:video-decoder-webm-vp8: 9c59270c3fd7afecdb556c50c9e8de78 -> 
  custom:audio-decoder-ogg-vorbis: bf7c407c2cedff20999df2af8eb42d56 -> 
========================================================================
Received Import Request.
  Time since last request: 4752.523445 seconds.
  path: Assets/BTM_Assets/BTM_Rockets_Missiles_Bombs/Prefabs/Pink/RMB_05.prefab
  artifactKey: Guid(56cd01df66efff548bec7ac99deb05c8) Importer(815301076,1909f56bfc062723c751e8b465ee728b)
Start importing Assets/BTM_Assets/BTM_Rockets_Missiles_Bombs/Prefabs/Pink/RMB_05.prefab using Guid(56cd01df66efff548bec7ac99deb05c8) Importer(815301076,1909f56bfc062723c751e8b465ee728b)  -> (artifact id: '2439d48c6b47e618c23e77dd5f9f722e') in 0.124193 seconds 
========================================================================
Received Import Request.
  Time since last request: 0.000020 seconds.
  path: Assets/BTM_Assets/BTM_Rockets_Missiles_Bombs/Prefabs/Pink/RMB_14.prefab
  artifactKey: Guid(6047de8799b17a64281233385936267a) Importer(815301076,1909f56bfc062723c751e8b465ee728b)
Start importing Assets/BTM_Assets/BTM_Rockets_Missiles_Bombs/Prefabs/Pink/RMB_14.prefab using Guid(6047de8799b17a64281233385936267a) Importer(815301076,1909f56bfc062723c751e8b465ee728b)  -> (artifact id: '6068e7a7ccbb4cdf4e1c5fcf070bf08f') in 0.023667 seconds 
========================================================================
Received Import Request.
  Time since last request: 0.000016 seconds.
  path: Assets/BTM_Assets/BTM_Rockets_Missiles_Bombs/Prefabs/Pink/RMB_18.prefab
  artifactKey: Guid(e52ba5d3ecf31594bbf9e362d1c461b7) Importer(815301076,1909f56bfc062723c751e8b465ee728b)
Start importing Assets/BTM_Assets/BTM_Rockets_Missiles_Bombs/Prefabs/Pink/RMB_18.prefab using Guid(e52ba5d3ecf31594bbf9e362d1c461b7) Importer(815301076,1909f56bfc062723c751e8b465ee728b)  -> (artifact id: '5f30b6a5db4bb7ef5d83560f3238dd27') in 0.021826 seconds 
========================================================================
Received Import Request.
  Time since last request: 0.000017 seconds.
  path: Assets/BTM_Assets/BTM_Rockets_Missiles_Bombs/Prefabs/Pink/RMB_15.prefab
  artifactKey: Guid(1452230920e4cbb41ad59f111172edad) Importer(815301076,1909f56bfc062723c751e8b465ee728b)
Start importing Assets/BTM_Assets/BTM_Rockets_Missiles_Bombs/Prefabs/Pink/RMB_15.prefab using Guid(1452230920e4cbb41ad59f111172edad) Importer(815301076,1909f56bfc062723c751e8b465ee728b)  -> (artifact id: 'cb05e22dcc98cc3620e4eedde70c8f1b') in 0.015094 seconds 
========================================================================
Received Import Request.
  Time since last request: 0.000024 seconds.
  path: Assets/BTM_Assets/BTM_Rockets_Missiles_Bombs/Prefabs/Pink/RMB_17.prefab
  artifactKey: Guid(051aea1f19c5bee4b8ce158fb919cf74) Importer(815301076,1909f56bfc062723c751e8b465ee728b)
Start importing Assets/BTM_Assets/BTM_Rockets_Missiles_Bombs/Prefabs/Pink/RMB_17.prefab using Guid(051aea1f19c5bee4b8ce158fb919cf74) Importer(815301076,1909f56bfc062723c751e8b465ee728b)  -> (artifact id: '486fe06efb2f0b37ddcc0a20d311561c') in 0.019789 seconds 
========================================================================
Received Import Request.
  Time since last request: 0.000014 seconds.
  path: Assets/BTM_Assets/BTM_Rockets_Missiles_Bombs/Prefabs/Pink/RMB_32.prefab
  artifactKey: Guid(aca4d606b3f86264e9806695a173138b) Importer(815301076,1909f56bfc062723c751e8b465ee728b)
Start importing Assets/BTM_Assets/BTM_Rockets_Missiles_Bombs/Prefabs/Pink/RMB_32.prefab using Guid(aca4d606b3f86264e9806695a173138b) Importer(815301076,1909f56bfc062723c751e8b465ee728b)  -> (artifact id: '809ffb97bcde9f8e179fd30272ab3b0e') in 0.015041 seconds 
========================================================================
Received Import Request.
  Time since last request: 0.000015 seconds.
  path: Assets/BTM_Assets/BTM_Rockets_Missiles_Bombs/Prefabs/Pink/RMB_07.prefab
  artifactKey: Guid(6d4c14b825bf8df479b9d51bb7de6654) Importer(815301076,1909f56bfc062723c751e8b465ee728b)
Start importing Assets/BTM_Assets/BTM_Rockets_Missiles_Bombs/Prefabs/Pink/RMB_07.prefab using Guid(6d4c14b825bf8df479b9d51bb7de6654) Importer(815301076,1909f56bfc062723c751e8b465ee728b)  -> (artifact id: 'b4670a490d8b3e9d37ded4c7b906573c') in 0.013053 seconds 
========================================================================
Received Import Request.
  Time since last request: 0.131090 seconds.
  path: Assets/BTM_Assets/BTM_Rockets_Missiles_Bombs/Prefabs/Orange/RMB_05.prefab
  artifactKey: Guid(b67e958d2d883534fb0f1272ecd7a7eb) Importer(815301076,1909f56bfc062723c751e8b465ee728b)
Start importing Assets/BTM_Assets/BTM_Rockets_Missiles_Bombs/Prefabs/Orange/RMB_05.prefab using Guid(b67e958d2d883534fb0f1272ecd7a7eb) Importer(815301076,1909f56bfc062723c751e8b465ee728b)  -> (artifact id: '5da53c7a5c7d773c134d8c52e752faf6') in 0.015438 seconds 
========================================================================
Received Import Request.
  Time since last request: 0.000016 seconds.
  path: Assets/BTM_Assets/BTM_Rockets_Missiles_Bombs/Prefabs/Orange/RMB_13.prefab
  artifactKey: Guid(bf632c7d6081989408e81adb1573f9ea) Importer(815301076,1909f56bfc062723c751e8b465ee728b)
Start importing Assets/BTM_Assets/BTM_Rockets_Missiles_Bombs/Prefabs/Orange/RMB_13.prefab using Guid(bf632c7d6081989408e81adb1573f9ea) Importer(815301076,1909f56bfc062723c751e8b465ee728b)  -> (artifact id: 'd92a16396dbb4eb5e5eafb3c0466511d') in 0.013791 seconds 
========================================================================
Received Import Request.
  Time since last request: 0.000026 seconds.
  path: Assets/BTM_Assets/BTM_Rockets_Missiles_Bombs/Prefabs/Orange/RMB_12.prefab
  artifactKey: Guid(9b8c51a28a5a87c43af288c940bfa406) Importer(815301076,1909f56bfc062723c751e8b465ee728b)
Start importing Assets/BTM_Assets/BTM_Rockets_Missiles_Bombs/Prefabs/Orange/RMB_12.prefab using Guid(9b8c51a28a5a87c43af288c940bfa406) Importer(815301076,1909f56bfc062723c751e8b465ee728b)  -> (artifact id: 'acc98733ce51910ea74cf05a08fb0dfa') in 0.012962 seconds 
========================================================================
Received Import Request.
  Time since last request: 0.000013 seconds.
  path: Assets/BTM_Assets/BTM_Rockets_Missiles_Bombs/Prefabs/Orange/RMB_35.prefab
  artifactKey: Guid(31ec5f6e3daa3af418c2d537453f78de) Importer(815301076,1909f56bfc062723c751e8b465ee728b)
Start importing Assets/BTM_Assets/BTM_Rockets_Missiles_Bombs/Prefabs/Orange/RMB_35.prefab using Guid(31ec5f6e3daa3af418c2d537453f78de) Importer(815301076,1909f56bfc062723c751e8b465ee728b)  -> (artifact id: '1e56ea262a75c7d57f14ff336eb7db10') in 0.013499 seconds 
========================================================================
Received Import Request.
  Time since last request: 0.000016 seconds.
  path: Assets/BTM_Assets/BTM_Rockets_Missiles_Bombs/Prefabs/Orange/RMB_16.prefab
  artifactKey: Guid(c419273ec6b58e84ab49eea87400d9b3) Importer(815301076,1909f56bfc062723c751e8b465ee728b)
Start importing Assets/BTM_Assets/BTM_Rockets_Missiles_Bombs/Prefabs/Orange/RMB_16.prefab using Guid(c419273ec6b58e84ab49eea87400d9b3) Importer(815301076,1909f56bfc062723c751e8b465ee728b)  -> (artifact id: 'f930d8bb38d02451e9e06787f87fd624') in 0.013431 seconds 
========================================================================
Received Import Request.
  Time since last request: 0.000016 seconds.
  path: Assets/BTM_Assets/BTM_Rockets_Missiles_Bombs/Prefabs/Orange/RMB_32.prefab
  artifactKey: Guid(a8befd6cd435eb94089be9e022cc5213) Importer(815301076,1909f56bfc062723c751e8b465ee728b)
Start importing Assets/BTM_Assets/BTM_Rockets_Missiles_Bombs/Prefabs/Orange/RMB_32.prefab using Guid(a8befd6cd435eb94089be9e022cc5213) Importer(815301076,1909f56bfc062723c751e8b465ee728b)  -> (artifact id: '891cd97b740bbd92452759f15688f5aa') in 0.014378 seconds 
========================================================================
Received Import Request.
  Time since last request: 0.000013 seconds.
  path: Assets/BTM_Assets/BTM_Rockets_Missiles_Bombs/Prefabs/Orange/RMB_27.prefab
  artifactKey: Guid(681bbf2048de0014d80eda2e73cb767b) Importer(815301076,1909f56bfc062723c751e8b465ee728b)
Start importing Assets/BTM_Assets/BTM_Rockets_Missiles_Bombs/Prefabs/Orange/RMB_27.prefab using Guid(681bbf2048de0014d80eda2e73cb767b) Importer(815301076,1909f56bfc062723c751e8b465ee728b)  -> (artifact id: 'e98c32b2ccddec18989a8f22d8f24dc7') in 0.014232 seconds 
========================================================================
Received Import Request.
  Time since last request: 0.000015 seconds.
  path: Assets/BTM_Assets/BTM_Rockets_Missiles_Bombs/Prefabs/Orange/RMB_34.prefab
  artifactKey: Guid(24755dc5636b90a4ea0a64508cb0f134) Importer(815301076,1909f56bfc062723c751e8b465ee728b)
Start importing Assets/BTM_Assets/BTM_Rockets_Missiles_Bombs/Prefabs/Orange/RMB_34.prefab using Guid(24755dc5636b90a4ea0a64508cb0f134) Importer(815301076,1909f56bfc062723c751e8b465ee728b)  -> (artifact id: 'ac983d416ab670f09f649731c8a6f15e') in 0.013462 seconds 
========================================================================
Received Import Request.
  Time since last request: 0.303645 seconds.
  path: Assets/BTM_Assets/BTM_Rockets_Missiles_Bombs/Prefabs/Grey/RMB_05.prefab
  artifactKey: Guid(bb91f974856354d4fbdec933bf2022a3) Importer(815301076,1909f56bfc062723c751e8b465ee728b)
Start importing Assets/BTM_Assets/BTM_Rockets_Missiles_Bombs/Prefabs/Grey/RMB_05.prefab using Guid(bb91f974856354d4fbdec933bf2022a3) Importer(815301076,1909f56bfc062723c751e8b465ee728b)  -> (artifact id: '9d708a014b42548276c8c439bbf3ce79') in 0.012911 seconds 
========================================================================
Received Import Request.
  Time since last request: 0.000017 seconds.
  path: Assets/BTM_Assets/BTM_Rockets_Missiles_Bombs/Prefabs/Grey/RMB_16.prefab
  artifactKey: Guid(783c610342cb584418245ebd8c4a2673) Importer(815301076,1909f56bfc062723c751e8b465ee728b)
Start importing Assets/BTM_Assets/BTM_Rockets_Missiles_Bombs/Prefabs/Grey/RMB_16.prefab using Guid(783c610342cb584418245ebd8c4a2673) Importer(815301076,1909f56bfc062723c751e8b465ee728b)  -> (artifact id: '6c4ab7528387addaf921a4bd7f8bbae7') in 0.015600 seconds 
========================================================================
Received Import Request.
  Time since last request: 0.000025 seconds.
  path: Assets/BTM_Assets/BTM_Rockets_Missiles_Bombs/Prefabs/Grey/RMB_27.prefab
  artifactKey: Guid(b348920886b441a4793d404dda717890) Importer(815301076,1909f56bfc062723c751e8b465ee728b)
Start importing Assets/BTM_Assets/BTM_Rockets_Missiles_Bombs/Prefabs/Grey/RMB_27.prefab using Guid(b348920886b441a4793d404dda717890) Importer(815301076,1909f56bfc062723c751e8b465ee728b)  -> (artifact id: 'a5bd084ddac2df6e2c0057fdd07030ea') in 0.013604 seconds 
========================================================================
Received Import Request.
  Time since last request: 0.000014 seconds.
  path: Assets/BTM_Assets/BTM_Rockets_Missiles_Bombs/Prefabs/Grey/RMB_14.prefab
  artifactKey: Guid(762e1495f2993504ead6fa35f5ab99bc) Importer(815301076,1909f56bfc062723c751e8b465ee728b)
Start importing Assets/BTM_Assets/BTM_Rockets_Missiles_Bombs/Prefabs/Grey/RMB_14.prefab using Guid(762e1495f2993504ead6fa35f5ab99bc) Importer(815301076,1909f56bfc062723c751e8b465ee728b)  -> (artifact id: 'ce496913ef1858469aa3cc629c446cde') in 0.014171 seconds 
========================================================================
Received Import Request.
  Time since last request: 0.000017 seconds.
  path: Assets/BTM_Assets/BTM_Rockets_Missiles_Bombs/Prefabs/Grey/RMB_38.prefab
  artifactKey: Guid(ec99d6a8d75702446aac8d8901869bfa) Importer(815301076,1909f56bfc062723c751e8b465ee728b)
Start importing Assets/BTM_Assets/BTM_Rockets_Missiles_Bombs/Prefabs/Grey/RMB_38.prefab using Guid(ec99d6a8d75702446aac8d8901869bfa) Importer(815301076,1909f56bfc062723c751e8b465ee728b)  -> (artifact id: '1fc5bba49107fae5450509b6520d09c1') in 0.014450 seconds 
========================================================================
Received Import Request.
  Time since last request: 0.000015 seconds.
  path: Assets/BTM_Assets/BTM_Rockets_Missiles_Bombs/Prefabs/Grey/RMB_33.prefab
  artifactKey: Guid(575e604c82164db46be2a3a0fec3bf8d) Importer(815301076,1909f56bfc062723c751e8b465ee728b)
Start importing Assets/BTM_Assets/BTM_Rockets_Missiles_Bombs/Prefabs/Grey/RMB_33.prefab using Guid(575e604c82164db46be2a3a0fec3bf8d) Importer(815301076,1909f56bfc062723c751e8b465ee728b)  -> (artifact id: '538e2086ac709e89ede4d378b79df7ac') in 0.012857 seconds 
========================================================================
Received Import Request.
  Time since last request: 0.000025 seconds.
  path: Assets/BTM_Assets/BTM_Rockets_Missiles_Bombs/Prefabs/Grey/RMB_32.prefab
  artifactKey: Guid(3c34f285879fd33408bbc0237d661bce) Importer(815301076,1909f56bfc062723c751e8b465ee728b)
Start importing Assets/BTM_Assets/BTM_Rockets_Missiles_Bombs/Prefabs/Grey/RMB_32.prefab using Guid(3c34f285879fd33408bbc0237d661bce) Importer(815301076,1909f56bfc062723c751e8b465ee728b)  -> (artifact id: 'b80c15ed98c947456bfc608049dee075') in 0.014003 seconds 
========================================================================
Received Import Request.
  Time since last request: 0.000014 seconds.
  path: Assets/BTM_Assets/BTM_Rockets_Missiles_Bombs/Prefabs/Grey/RMB_24.prefab
  artifactKey: Guid(be0c50cbbc318e345812f051792aab8b) Importer(815301076,1909f56bfc062723c751e8b465ee728b)
Start importing Assets/BTM_Assets/BTM_Rockets_Missiles_Bombs/Prefabs/Grey/RMB_24.prefab using Guid(be0c50cbbc318e345812f051792aab8b) Importer(815301076,1909f56bfc062723c751e8b465ee728b)  -> (artifact id: 'db85e7c26d21757b6c6f65a510f3645f') in 0.014580 seconds 
========================================================================
Received Import Request.
  Time since last request: 0.459404 seconds.
  path: Assets/BTM_Assets/BTM_Rockets_Missiles_Bombs/Prefabs/Blue/RMB_05.prefab
  artifactKey: Guid(f4320b7690a65e94583c182737737560) Importer(815301076,1909f56bfc062723c751e8b465ee728b)
Start importing Assets/BTM_Assets/BTM_Rockets_Missiles_Bombs/Prefabs/Blue/RMB_05.prefab using Guid(f4320b7690a65e94583c182737737560) Importer(815301076,1909f56bfc062723c751e8b465ee728b)  -> (artifact id: '67d959da99d52330f26d202bd3ace1c8') in 0.036130 seconds 
========================================================================
Received Import Request.
  Time since last request: 0.000020 seconds.
  path: Assets/BTM_Assets/BTM_Rockets_Missiles_Bombs/Prefabs/Blue/RMB_23.prefab
  artifactKey: Guid(a17d57b879b1bd64b82f81a883735718) Importer(815301076,1909f56bfc062723c751e8b465ee728b)
Start importing Assets/BTM_Assets/BTM_Rockets_Missiles_Bombs/Prefabs/Blue/RMB_23.prefab using Guid(a17d57b879b1bd64b82f81a883735718) Importer(815301076,1909f56bfc062723c751e8b465ee728b)  -> (artifact id: '24fd01271b16eb4d0245df44355df80e') in 0.015739 seconds 
========================================================================
Received Import Request.
  Time since last request: 0.000018 seconds.
  path: Assets/BTM_Assets/BTM_Rockets_Missiles_Bombs/Prefabs/Blue/RMB_34.prefab
  artifactKey: Guid(876c38547be2126469aacaaa43f5ed47) Importer(815301076,1909f56bfc062723c751e8b465ee728b)
Start importing Assets/BTM_Assets/BTM_Rockets_Missiles_Bombs/Prefabs/Blue/RMB_34.prefab using Guid(876c38547be2126469aacaaa43f5ed47) Importer(815301076,1909f56bfc062723c751e8b465ee728b)  -> (artifact id: '770b2af4c1e0e3144d1a04bbee2960b3') in 0.017033 seconds 
========================================================================
Received Import Request.
  Time since last request: 0.000023 seconds.
  path: Assets/BTM_Assets/BTM_Rockets_Missiles_Bombs/Prefabs/Blue/RMB_32.prefab
  artifactKey: Guid(57d3686a41476d946bc251e768de4382) Importer(815301076,1909f56bfc062723c751e8b465ee728b)
Start importing Assets/BTM_Assets/BTM_Rockets_Missiles_Bombs/Prefabs/Blue/RMB_32.prefab using Guid(57d3686a41476d946bc251e768de4382) Importer(815301076,1909f56bfc062723c751e8b465ee728b)  -> (artifact id: 'ebe6e6466660ffc50169d693671e7243') in 0.013193 seconds 
========================================================================
Received Import Request.
  Time since last request: 0.000014 seconds.
  path: Assets/BTM_Assets/BTM_Rockets_Missiles_Bombs/Prefabs/Blue/RMB_35.prefab
  artifactKey: Guid(4eca73f1ed89e5c42bdce9826e821466) Importer(815301076,1909f56bfc062723c751e8b465ee728b)
Start importing Assets/BTM_Assets/BTM_Rockets_Missiles_Bombs/Prefabs/Blue/RMB_35.prefab using Guid(4eca73f1ed89e5c42bdce9826e821466) Importer(815301076,1909f56bfc062723c751e8b465ee728b)  -> (artifact id: '3deda961eedd687405896c6d01d0ce09') in 0.012530 seconds 
========================================================================
Received Import Request.
  Time since last request: 0.000015 seconds.
  path: Assets/BTM_Assets/BTM_Rockets_Missiles_Bombs/Prefabs/Blue/RMB_12.prefab
  artifactKey: Guid(f528c0f8e38f37a428930db18b7e2fe6) Importer(815301076,1909f56bfc062723c751e8b465ee728b)
Start importing Assets/BTM_Assets/BTM_Rockets_Missiles_Bombs/Prefabs/Blue/RMB_12.prefab using Guid(f528c0f8e38f37a428930db18b7e2fe6) Importer(815301076,1909f56bfc062723c751e8b465ee728b)  -> (artifact id: '3edd5ee82e66df74f16f0aac240bafdc') in 0.013671 seconds 
========================================================================
Received Import Request.
  Time since last request: 0.000018 seconds.
  path: Assets/BTM_Assets/BTM_Rockets_Missiles_Bombs/Prefabs/Blue/RMB_36.prefab
  artifactKey: Guid(ed44c7d5860f46847a271c6e51751eaa) Importer(815301076,1909f56bfc062723c751e8b465ee728b)
Start importing Assets/BTM_Assets/BTM_Rockets_Missiles_Bombs/Prefabs/Blue/RMB_36.prefab using Guid(ed44c7d5860f46847a271c6e51751eaa) Importer(815301076,1909f56bfc062723c751e8b465ee728b)  -> (artifact id: 'e59a46236ffa74f30510c3af91438365') in 0.013452 seconds 
========================================================================
Received Import Request.
  Time since last request: 0.000015 seconds.
  path: Assets/BTM_Assets/BTM_Rockets_Missiles_Bombs/Prefabs/Blue/RMB_14.prefab
  artifactKey: Guid(187e952299cd0ef40b652e92396b5987) Importer(815301076,1909f56bfc062723c751e8b465ee728b)
Start importing Assets/BTM_Assets/BTM_Rockets_Missiles_Bombs/Prefabs/Blue/RMB_14.prefab using Guid(187e952299cd0ef40b652e92396b5987) Importer(815301076,1909f56bfc062723c751e8b465ee728b)  -> (artifact id: '447b939251593ee3e251f21075221dff') in 0.013553 seconds 
========================================================================
Received Import Request.
  Time since last request: 0.000018 seconds.
  path: Assets/BTM_Assets/BTM_Rockets_Missiles_Bombs/Prefabs/Blue/RMB_18.prefab
  artifactKey: Guid(210a5180ad930b643918ccb01e9ef0b0) Importer(815301076,1909f56bfc062723c751e8b465ee728b)
Start importing Assets/BTM_Assets/BTM_Rockets_Missiles_Bombs/Prefabs/Blue/RMB_18.prefab using Guid(210a5180ad930b643918ccb01e9ef0b0) Importer(815301076,1909f56bfc062723c751e8b465ee728b)  -> (artifact id: '74fcd6468e6c92d6fed06475cfe6ba49') in 0.012703 seconds 
========================================================================
Received Prepare
Registering precompiled user dll's ...
Registered in 0.004099 seconds.
Begin MonoManager ReloadAssembly
Symbol file LoadedFromMemory doesn't match image C:\Users\user\Desktop\22559024\github\22559024_ShootingGame\Library\PackageCache\com.unity.visualscripting@1.8.0\Editor\VisualScripting.Core\Dependencies\YamlDotNet\Unity.VisualScripting.YamlDotNet.dll
Symbol file LoadedFromMemory doesn't match image C:\Users\user\Desktop\22559024\github\22559024_ShootingGame\Library\PackageCache\com.unity.visualscripting@1.8.0\Editor\VisualScripting.Core\Dependencies\DotNetZip\Unity.VisualScripting.IonicZip.dll
Native extension for WindowsStandalone target not found
Refreshing native plugins compatible for Editor in 0.44 ms, found 3 plugins.
Preloading 0 native plugins for Editor in 0.00 ms.
Mono: successfully reloaded assembly
- Completed reload, in  0.722 seconds
Domain Reload Profiling:
	ReloadAssembly (722ms)
		BeginReloadAssembly (116ms)
			ExecutionOrderSort (0ms)
			DisableScriptedObjects (3ms)
			BackupInstance (0ms)
			ReleaseScriptingObjects (0ms)
			CreateAndSetChildDomain (32ms)
		EndReloadAssembly (530ms)
			LoadAssemblies (68ms)
			RebuildTransferFunctionScriptingTraits (0ms)
			SetupTypeCache (192ms)
			ReleaseScriptCaches (1ms)
			RebuildScriptCaches (31ms)
			SetupLoadedEditorAssemblies (211ms)
				LogAssemblyErrors (0ms)
				InitializePlatformSupportModulesInManaged (4ms)
				SetLoadedEditorAssemblies (0ms)
				RefreshPlugins (0ms)
				BeforeProcessingInitializeOnLoad (41ms)
				ProcessInitializeOnLoadAttributes (145ms)
				ProcessInitializeOnLoadMethodAttributes (14ms)
				AfterProcessingInitializeOnLoad (6ms)
				EditorAssembliesLoaded (0ms)
			ExecutionOrderSort2 (0ms)
			AwakeInstancesAfterBackupRestoration (8ms)
Platform modules already initialized, skipping
Refreshing native plugins compatible for Editor in 1.18 ms, found 3 plugins.
Preloading 0 native plugins for Editor in 0.00 ms.
Unloading 3067 Unused Serialized files (Serialized files now loaded: 0)
Unloading 15 unused Assets / (24.6 KB). Loaded Objects now: 3555.
Memory consumption went from 114.8 MB to 114.8 MB.
Total: 2.057600 ms (FindLiveObjects: 0.153500 ms CreateObjectMapping: 0.047100 ms MarkObjects: 1.825300 ms  DeleteObjects: 0.018400 ms)

AssetImportParameters requested are different than current active one (requested -> active):
  custom:video-decoder-ogg-theora: a1e56fd34408186e4bbccfd4996cb3dc -> 
  custom:container-muxer-webm: aa71ff27fc2769a1b78a27578f13a17b -> 
  custom:container-demuxer-webm: 4f35f7cbe854078d1ac9338744f61a02 -> 
  custom:video-encoder-webm-vp8: eb34c28f22e8b96e1ab97ce403110664 -> 
  custom:video-codec-MediaFoundation-h265: 746d11721c4dcdbdad8f713fa42b33f4 -> 
  custom:audio-encoder-webm-vorbis: bf7c407c2cedff20999df2af8eb42d56 -> 
  custom:framework-win-MediaFoundation: 216162199b28c13a410421893ffa2e32 -> 
  custom:container-demuxer-ogg: 62fdf1f143b41e24485cea50d1cbac27 -> 
  custom:video-decoder-webm-vp8: 9c59270c3fd7afecdb556c50c9e8de78 -> 
  custom:audio-decoder-ogg-vorbis: bf7c407c2cedff20999df2af8eb42d56 -> 
========================================================================
Received Prepare
Registering precompiled user dll's ...
Registered in 0.002823 seconds.
Begin MonoManager ReloadAssembly
Symbol file LoadedFromMemory doesn't match image C:\Users\user\Desktop\22559024\github\22559024_ShootingGame\Library\PackageCache\com.unity.visualscripting@1.8.0\Editor\VisualScripting.Core\Dependencies\YamlDotNet\Unity.VisualScripting.YamlDotNet.dll
Symbol file LoadedFromMemory doesn't match image C:\Users\user\Desktop\22559024\github\22559024_ShootingGame\Library\PackageCache\com.unity.visualscripting@1.8.0\Editor\VisualScripting.Core\Dependencies\DotNetZip\Unity.VisualScripting.IonicZip.dll
Native extension for WindowsStandalone target not found
Refreshing native plugins compatible for Editor in 0.43 ms, found 3 plugins.
Preloading 0 native plugins for Editor in 0.00 ms.
Mono: successfully reloaded assembly
- Completed reload, in  0.673 seconds
Domain Reload Profiling:
	ReloadAssembly (674ms)
		BeginReloadAssembly (106ms)
			ExecutionOrderSort (0ms)
			DisableScriptedObjects (4ms)
			BackupInstance (0ms)
			ReleaseScriptingObjects (0ms)
			CreateAndSetChildDomain (25ms)
		EndReloadAssembly (499ms)
			LoadAssemblies (63ms)
			RebuildTransferFunctionScriptingTraits (0ms)
			SetupTypeCache (180ms)
			ReleaseScriptCaches (1ms)
			RebuildScriptCaches (27ms)
			SetupLoadedEditorAssemblies (205ms)
				LogAssemblyErrors (0ms)
				InitializePlatformSupportModulesInManaged (4ms)
				SetLoadedEditorAssemblies (0ms)
				RefreshPlugins (0ms)
				BeforeProcessingInitializeOnLoad (42ms)
				ProcessInitializeOnLoadAttributes (138ms)
				ProcessInitializeOnLoadMethodAttributes (14ms)
				AfterProcessingInitializeOnLoad (6ms)
				EditorAssembliesLoaded (0ms)
			ExecutionOrderSort2 (0ms)
			AwakeInstancesAfterBackupRestoration (5ms)
Platform modules already initialized, skipping
Refreshing native plugins compatible for Editor in 1.11 ms, found 3 plugins.
Preloading 0 native plugins for Editor in 0.00 ms.
Unloading 3068 Unused Serialized files (Serialized files now loaded: 0)
Unloading 15 unused Assets / (24.6 KB). Loaded Objects now: 3559.
Memory consumption went from 114.9 MB to 114.8 MB.
Total: 2.028300 ms (FindLiveObjects: 0.148100 ms CreateObjectMapping: 0.046900 ms MarkObjects: 1.815100 ms  DeleteObjects: 0.017100 ms)

AssetImportParameters requested are different than current active one (requested -> active):
  custom:video-decoder-ogg-theora: a1e56fd34408186e4bbccfd4996cb3dc -> 
  custom:container-muxer-webm: aa71ff27fc2769a1b78a27578f13a17b -> 
  custom:container-demuxer-webm: 4f35f7cbe854078d1ac9338744f61a02 -> 
  custom:video-encoder-webm-vp8: eb34c28f22e8b96e1ab97ce403110664 -> 
  custom:video-codec-MediaFoundation-h265: 746d11721c4dcdbdad8f713fa42b33f4 -> 
  custom:audio-encoder-webm-vorbis: bf7c407c2cedff20999df2af8eb42d56 -> 
  custom:framework-win-MediaFoundation: 216162199b28c13a410421893ffa2e32 -> 
  custom:container-demuxer-ogg: 62fdf1f143b41e24485cea50d1cbac27 -> 
  custom:video-decoder-webm-vp8: 9c59270c3fd7afecdb556c50c9e8de78 -> 
  custom:audio-decoder-ogg-vorbis: bf7c407c2cedff20999df2af8eb42d56 -> 
========================================================================
Received Prepare
Registering precompiled user dll's ...
Registered in 0.002837 seconds.
Begin MonoManager ReloadAssembly
Symbol file LoadedFromMemory doesn't match image C:\Users\user\Desktop\22559024\github\22559024_ShootingGame\Library\PackageCache\com.unity.visualscripting@1.8.0\Editor\VisualScripting.Core\Dependencies\YamlDotNet\Unity.VisualScripting.YamlDotNet.dll
Symbol file LoadedFromMemory doesn't match image C:\Users\user\Desktop\22559024\github\22559024_ShootingGame\Library\PackageCache\com.unity.visualscripting@1.8.0\Editor\VisualScripting.Core\Dependencies\DotNetZip\Unity.VisualScripting.IonicZip.dll
Native extension for WindowsStandalone target not found
Refreshing native plugins compatible for Editor in 0.43 ms, found 3 plugins.
Preloading 0 native plugins for Editor in 0.00 ms.
Mono: successfully reloaded assembly
- Completed reload, in  0.714 seconds
Domain Reload Profiling:
	ReloadAssembly (715ms)
		BeginReloadAssembly (105ms)
			ExecutionOrderSort (0ms)
			DisableScriptedObjects (4ms)
			BackupInstance (0ms)
			ReleaseScriptingObjects (0ms)
			CreateAndSetChildDomain (23ms)
		EndReloadAssembly (540ms)
			LoadAssemblies (65ms)
			RebuildTransferFunctionScriptingTraits (0ms)
			SetupTypeCache (184ms)
			ReleaseScriptCaches (1ms)
			RebuildScriptCaches (28ms)
			SetupLoadedEditorAssemblies (233ms)
				LogAssemblyErrors (0ms)
				InitializePlatformSupportModulesInManaged (5ms)
				SetLoadedEditorAssemblies (0ms)
				RefreshPlugins (0ms)
				BeforeProcessingInitializeOnLoad (44ms)
				ProcessInitializeOnLoadAttributes (162ms)
				ProcessInitializeOnLoadMethodAttributes (16ms)
				AfterProcessingInitializeOnLoad (5ms)
				EditorAssembliesLoaded (0ms)
			ExecutionOrderSort2 (0ms)
			AwakeInstancesAfterBackupRestoration (6ms)
Platform modules already initialized, skipping
Refreshing native plugins compatible for Editor in 1.18 ms, found 3 plugins.
Preloading 0 native plugins for Editor in 0.00 ms.
Unloading 3068 Unused Serialized files (Serialized files now loaded: 0)
Unloading 15 unused Assets / (24.7 KB). Loaded Objects now: 3562.
Memory consumption went from 114.9 MB to 114.8 MB.
Total: 2.115100 ms (FindLiveObjects: 0.146900 ms CreateObjectMapping: 0.076100 ms MarkObjects: 1.874600 ms  DeleteObjects: 0.016800 ms)

AssetImportParameters requested are different than current active one (requested -> active):
  custom:video-decoder-ogg-theora: a1e56fd34408186e4bbccfd4996cb3dc -> 
  custom:container-muxer-webm: aa71ff27fc2769a1b78a27578f13a17b -> 
  custom:container-demuxer-webm: 4f35f7cbe854078d1ac9338744f61a02 -> 
  custom:video-encoder-webm-vp8: eb34c28f22e8b96e1ab97ce403110664 -> 
  custom:video-codec-MediaFoundation-h265: 746d11721c4dcdbdad8f713fa42b33f4 -> 
  custom:audio-encoder-webm-vorbis: bf7c407c2cedff20999df2af8eb42d56 -> 
  custom:framework-win-MediaFoundation: 216162199b28c13a410421893ffa2e32 -> 
  custom:container-demuxer-ogg: 62fdf1f143b41e24485cea50d1cbac27 -> 
  custom:video-decoder-webm-vp8: 9c59270c3fd7afecdb556c50c9e8de78 -> 
  custom:audio-decoder-ogg-vorbis: bf7c407c2cedff20999df2af8eb42d56 -> 
========================================================================
Received Prepare
Registering precompiled user dll's ...
Registered in 0.002766 seconds.
Begin MonoManager ReloadAssembly
Symbol file LoadedFromMemory doesn't match image C:\Users\user\Desktop\22559024\github\22559024_ShootingGame\Library\PackageCache\com.unity.visualscripting@1.8.0\Editor\VisualScripting.Core\Dependencies\YamlDotNet\Unity.VisualScripting.YamlDotNet.dll
Symbol file LoadedFromMemory doesn't match image C:\Users\user\Desktop\22559024\github\22559024_ShootingGame\Library\PackageCache\com.unity.visualscripting@1.8.0\Editor\VisualScripting.Core\Dependencies\DotNetZip\Unity.VisualScripting.IonicZip.dll
Native extension for WindowsStandalone target not found
Refreshing native plugins compatible for Editor in 0.41 ms, found 3 plugins.
Preloading 0 native plugins for Editor in 0.00 ms.
Mono: successfully reloaded assembly
- Completed reload, in  0.709 seconds
Domain Reload Profiling:
	ReloadAssembly (710ms)
		BeginReloadAssembly (99ms)
			ExecutionOrderSort (0ms)
			DisableScriptedObjects (4ms)
			BackupInstance (0ms)
			ReleaseScriptingObjects (0ms)
			CreateAndSetChildDomain (21ms)
		EndReloadAssembly (535ms)
			LoadAssemblies (63ms)
			RebuildTransferFunctionScriptingTraits (0ms)
			SetupTypeCache (179ms)
			ReleaseScriptCaches (1ms)
			RebuildScriptCaches (27ms)
			SetupLoadedEditorAssemblies (236ms)
				LogAssemblyErrors (0ms)
				InitializePlatformSupportModulesInManaged (4ms)
				SetLoadedEditorAssemblies (0ms)
				RefreshPlugins (0ms)
				BeforeProcessingInitializeOnLoad (47ms)
				ProcessInitializeOnLoadAttributes (163ms)
				ProcessInitializeOnLoadMethodAttributes (17ms)
				AfterProcessingInitializeOnLoad (5ms)
				EditorAssembliesLoaded (0ms)
			ExecutionOrderSort2 (0ms)
			AwakeInstancesAfterBackupRestoration (6ms)
Platform modules already initialized, skipping
Refreshing native plugins compatible for Editor in 1.12 ms, found 3 plugins.
Preloading 0 native plugins for Editor in 0.00 ms.
Unloading 3068 Unused Serialized files (Serialized files now loaded: 0)
Unloading 15 unused Assets / (24.6 KB). Loaded Objects now: 3565.
Memory consumption went from 114.9 MB to 114.9 MB.
Total: 2.123700 ms (FindLiveObjects: 0.146000 ms CreateObjectMapping: 0.047800 ms MarkObjects: 1.909600 ms  DeleteObjects: 0.019600 ms)

AssetImportParameters requested are different than current active one (requested -> active):
  custom:video-decoder-ogg-theora: a1e56fd34408186e4bbccfd4996cb3dc -> 
  custom:container-muxer-webm: aa71ff27fc2769a1b78a27578f13a17b -> 
  custom:container-demuxer-webm: 4f35f7cbe854078d1ac9338744f61a02 -> 
  custom:video-encoder-webm-vp8: eb34c28f22e8b96e1ab97ce403110664 -> 
  custom:video-codec-MediaFoundation-h265: 746d11721c4dcdbdad8f713fa42b33f4 -> 
  custom:audio-encoder-webm-vorbis: bf7c407c2cedff20999df2af8eb42d56 -> 
  custom:framework-win-MediaFoundation: 216162199b28c13a410421893ffa2e32 -> 
  custom:container-demuxer-ogg: 62fdf1f143b41e24485cea50d1cbac27 -> 
  custom:video-decoder-webm-vp8: 9c59270c3fd7afecdb556c50c9e8de78 -> 
  custom:audio-decoder-ogg-vorbis: bf7c407c2cedff20999df2af8eb42d56 -> 
========================================================================
Received Prepare
Registering precompiled user dll's ...
Registered in 0.004377 seconds.
Begin MonoManager ReloadAssembly
Symbol file LoadedFromMemory doesn't match image C:\Users\user\Desktop\22559024\github\22559024_ShootingGame\Library\PackageCache\com.unity.visualscripting@1.8.0\Editor\VisualScripting.Core\Dependencies\YamlDotNet\Unity.VisualScripting.YamlDotNet.dll
Symbol file LoadedFromMemory doesn't match image C:\Users\user\Desktop\22559024\github\22559024_ShootingGame\Library\PackageCache\com.unity.visualscripting@1.8.0\Editor\VisualScripting.Core\Dependencies\DotNetZip\Unity.VisualScripting.IonicZip.dll
Native extension for WindowsStandalone target not found
Refreshing native plugins compatible for Editor in 0.59 ms, found 3 plugins.
Preloading 0 native plugins for Editor in 0.00 ms.
Mono: successfully reloaded assembly
- Completed reload, in  0.704 seconds
Domain Reload Profiling:
	ReloadAssembly (705ms)
		BeginReloadAssembly (114ms)
			ExecutionOrderSort (0ms)
			DisableScriptedObjects (4ms)
			BackupInstance (0ms)
			ReleaseScriptingObjects (0ms)
			CreateAndSetChildDomain (25ms)
		EndReloadAssembly (518ms)
			LoadAssemblies (71ms)
			RebuildTransferFunctionScriptingTraits (0ms)
			SetupTypeCache (181ms)
			ReleaseScriptCaches (1ms)
			RebuildScriptCaches (29ms)
			SetupLoadedEditorAssemblies (220ms)
				LogAssemblyErrors (0ms)
				InitializePlatformSupportModulesInManaged (5ms)
				SetLoadedEditorAssemblies (1ms)
				RefreshPlugins (1ms)
				BeforeProcessingInitializeOnLoad (45ms)
				ProcessInitializeOnLoadAttributes (149ms)
				ProcessInitializeOnLoadMethodAttributes (15ms)
				AfterProcessingInitializeOnLoad (6ms)
				EditorAssembliesLoaded (0ms)
			ExecutionOrderSort2 (0ms)
			AwakeInstancesAfterBackupRestoration (5ms)
Platform modules already initialized, skipping
Refreshing native plugins compatible for Editor in 1.06 ms, found 3 plugins.
Preloading 0 native plugins for Editor in 0.00 ms.
Unloading 3068 Unused Serialized files (Serialized files now loaded: 0)
Unloading 15 unused Assets / (24.6 KB). Loaded Objects now: 3568.
Memory consumption went from 114.9 MB to 114.8 MB.
Total: 2.296900 ms (FindLiveObjects: 0.140700 ms CreateObjectMapping: 0.048400 ms MarkObjects: 2.086600 ms  DeleteObjects: 0.020700 ms)

AssetImportParameters requested are different than current active one (requested -> active):
  custom:video-decoder-ogg-theora: a1e56fd34408186e4bbccfd4996cb3dc -> 
  custom:container-muxer-webm: aa71ff27fc2769a1b78a27578f13a17b -> 
  custom:container-demuxer-webm: 4f35f7cbe854078d1ac9338744f61a02 -> 
  custom:video-encoder-webm-vp8: eb34c28f22e8b96e1ab97ce403110664 -> 
  custom:video-codec-MediaFoundation-h265: 746d11721c4dcdbdad8f713fa42b33f4 -> 
  custom:audio-encoder-webm-vorbis: bf7c407c2cedff20999df2af8eb42d56 -> 
  custom:framework-win-MediaFoundation: 216162199b28c13a410421893ffa2e32 -> 
  custom:container-demuxer-ogg: 62fdf1f143b41e24485cea50d1cbac27 -> 
  custom:video-decoder-webm-vp8: 9c59270c3fd7afecdb556c50c9e8de78 -> 
  custom:audio-decoder-ogg-vorbis: bf7c407c2cedff20999df2af8eb42d56 -> 
========================================================================
Received Import Request.
  Time since last request: 2863.506655 seconds.
  path: Assets/Resources/Prefabs/Monster.prefab
  artifactKey: Guid(c56ed1c8015cde24e974c57052f2b343) Importer(815301076,1909f56bfc062723c751e8b465ee728b)
Start importing Assets/Resources/Prefabs/Monster.prefab using Guid(c56ed1c8015cde24e974c57052f2b343) Importer(815301076,1909f56bfc062723c751e8b465ee728b)  -> (artifact id: '8dd518c4392cbc499f06feb36b452acf') in 0.166227 seconds 
========================================================================
Received Prepare
Registering precompiled user dll's ...
Registered in 0.002938 seconds.
Begin MonoManager ReloadAssembly
Symbol file LoadedFromMemory doesn't match image C:\Users\user\Desktop\22559024\github\22559024_ShootingGame\Library\PackageCache\com.unity.visualscripting@1.8.0\Editor\VisualScripting.Core\Dependencies\YamlDotNet\Unity.VisualScripting.YamlDotNet.dll
Symbol file LoadedFromMemory doesn't match image C:\Users\user\Desktop\22559024\github\22559024_ShootingGame\Library\PackageCache\com.unity.visualscripting@1.8.0\Editor\VisualScripting.Core\Dependencies\DotNetZip\Unity.VisualScripting.IonicZip.dll
Native extension for WindowsStandalone target not found
Refreshing native plugins compatible for Editor in 0.54 ms, found 3 plugins.
Preloading 0 native plugins for Editor in 0.00 ms.
Mono: successfully reloaded assembly
- Completed reload, in  0.676 seconds
Domain Reload Profiling:
	ReloadAssembly (677ms)
		BeginReloadAssembly (101ms)
			ExecutionOrderSort (0ms)
			DisableScriptedObjects (3ms)
			BackupInstance (0ms)
			ReleaseScriptingObjects (0ms)
			CreateAndSetChildDomain (22ms)
		EndReloadAssembly (506ms)
			LoadAssemblies (66ms)
			RebuildTransferFunctionScriptingTraits (0ms)
			SetupTypeCache (175ms)
			ReleaseScriptCaches (1ms)
			RebuildScriptCaches (28ms)
			SetupLoadedEditorAssemblies (214ms)
				LogAssemblyErrors (0ms)
				InitializePlatformSupportModulesInManaged (4ms)
				SetLoadedEditorAssemblies (1ms)
				RefreshPlugins (1ms)
				BeforeProcessingInitializeOnLoad (49ms)
				ProcessInitializeOnLoadAttributes (141ms)
				ProcessInitializeOnLoadMethodAttributes (14ms)
				AfterProcessingInitializeOnLoad (4ms)
				EditorAssembliesLoaded (0ms)
			ExecutionOrderSort2 (0ms)
			AwakeInstancesAfterBackupRestoration (5ms)
Platform modules already initialized, skipping
Refreshing native plugins compatible for Editor in 1.11 ms, found 3 plugins.
Preloading 0 native plugins for Editor in 0.00 ms.
Unloading 3068 Unused Serialized files (Serialized files now loaded: 0)
Unloading 15 unused Assets / (24.6 KB). Loaded Objects now: 3571.
Memory consumption went from 114.8 MB to 114.8 MB.
Total: 2.003600 ms (FindLiveObjects: 0.158100 ms CreateObjectMapping: 0.055200 ms MarkObjects: 1.774300 ms  DeleteObjects: 0.015200 ms)

AssetImportParameters requested are different than current active one (requested -> active):
  custom:video-decoder-ogg-theora: a1e56fd34408186e4bbccfd4996cb3dc -> 
  custom:container-muxer-webm: aa71ff27fc2769a1b78a27578f13a17b -> 
  custom:container-demuxer-webm: 4f35f7cbe854078d1ac9338744f61a02 -> 
  custom:video-encoder-webm-vp8: eb34c28f22e8b96e1ab97ce403110664 -> 
  custom:video-codec-MediaFoundation-h265: 746d11721c4dcdbdad8f713fa42b33f4 -> 
  custom:audio-encoder-webm-vorbis: bf7c407c2cedff20999df2af8eb42d56 -> 
  custom:framework-win-MediaFoundation: 216162199b28c13a410421893ffa2e32 -> 
  custom:container-demuxer-ogg: 62fdf1f143b41e24485cea50d1cbac27 -> 
  custom:video-decoder-webm-vp8: 9c59270c3fd7afecdb556c50c9e8de78 -> 
  custom:audio-decoder-ogg-vorbis: bf7c407c2cedff20999df2af8eb42d56 -> 
========================================================================
Received Prepare
Registering precompiled user dll's ...
Registered in 0.003087 seconds.
Begin MonoManager ReloadAssembly
Symbol file LoadedFromMemory doesn't match image C:\Users\user\Desktop\22559024\github\22559024_ShootingGame\Library\PackageCache\com.unity.visualscripting@1.8.0\Editor\VisualScripting.Core\Dependencies\YamlDotNet\Unity.VisualScripting.YamlDotNet.dll
Symbol file LoadedFromMemory doesn't match image C:\Users\user\Desktop\22559024\github\22559024_ShootingGame\Library\PackageCache\com.unity.visualscripting@1.8.0\Editor\VisualScripting.Core\Dependencies\DotNetZip\Unity.VisualScripting.IonicZip.dll
Native extension for WindowsStandalone target not found
Refreshing native plugins compatible for Editor in 0.41 ms, found 3 plugins.
Preloading 0 native plugins for Editor in 0.00 ms.
Mono: successfully reloaded assembly
- Completed reload, in  0.757 seconds
Domain Reload Profiling:
	ReloadAssembly (757ms)
		BeginReloadAssembly (110ms)
			ExecutionOrderSort (0ms)
			DisableScriptedObjects (6ms)
			BackupInstance (0ms)
			ReleaseScriptingObjects (0ms)
			CreateAndSetChildDomain (25ms)
		EndReloadAssembly (573ms)
			LoadAssemblies (65ms)
			RebuildTransferFunctionScriptingTraits (0ms)
			SetupTypeCache (205ms)
			ReleaseScriptCaches (1ms)
			RebuildScriptCaches (31ms)
			SetupLoadedEditorAssemblies (241ms)
				LogAssemblyErrors (0ms)
				InitializePlatformSupportModulesInManaged (5ms)
				SetLoadedEditorAssemblies (0ms)
				RefreshPlugins (0ms)
				BeforeProcessingInitializeOnLoad (47ms)
				ProcessInitializeOnLoadAttributes (168ms)
				ProcessInitializeOnLoadMethodAttributes (16ms)
				AfterProcessingInitializeOnLoad (5ms)
				EditorAssembliesLoaded (0ms)
			ExecutionOrderSort2 (0ms)
			AwakeInstancesAfterBackupRestoration (5ms)
Platform modules already initialized, skipping
Refreshing native plugins compatible for Editor in 1.32 ms, found 3 plugins.
Preloading 0 native plugins for Editor in 0.00 ms.
Unloading 3068 Unused Serialized files (Serialized files now loaded: 0)
Unloading 15 unused Assets / (24.7 KB). Loaded Objects now: 3574.
Memory consumption went from 114.9 MB to 114.8 MB.
Total: 2.218100 ms (FindLiveObjects: 0.180100 ms CreateObjectMapping: 0.134300 ms MarkObjects: 1.886600 ms  DeleteObjects: 0.016300 ms)

AssetImportParameters requested are different than current active one (requested -> active):
  custom:video-decoder-ogg-theora: a1e56fd34408186e4bbccfd4996cb3dc -> 
  custom:container-muxer-webm: aa71ff27fc2769a1b78a27578f13a17b -> 
  custom:container-demuxer-webm: 4f35f7cbe854078d1ac9338744f61a02 -> 
  custom:video-encoder-webm-vp8: eb34c28f22e8b96e1ab97ce403110664 -> 
  custom:video-codec-MediaFoundation-h265: 746d11721c4dcdbdad8f713fa42b33f4 -> 
  custom:audio-encoder-webm-vorbis: bf7c407c2cedff20999df2af8eb42d56 -> 
  custom:framework-win-MediaFoundation: 216162199b28c13a410421893ffa2e32 -> 
  custom:container-demuxer-ogg: 62fdf1f143b41e24485cea50d1cbac27 -> 
  custom:video-decoder-webm-vp8: 9c59270c3fd7afecdb556c50c9e8de78 -> 
  custom:audio-decoder-ogg-vorbis: bf7c407c2cedff20999df2af8eb42d56 -> 
